<?xml version="1.0" encoding="UTF-8"?>
<!-- Generated by org.testng.reporters.JUnitXMLReporter -->
<testsuite ignored="0" hostname="Anas" failures="1" tests="13" name="Default test" time="239.634" errors="0" timestamp="2025-05-31T15:27:50 IST">
  <testcase classname="New.Swablabsssssssssss.Swagtest" name="validlogin" time="10.887"/>
  <testcase classname="New.Swablabsssssssssss.Swagtest" name="invalidusername" time="8.704"/>
  <testcase classname="New.Swablabsssssssssss.Swagtest" name="blankusername" time="8.597"/>
  <testcase classname="New.Swablabsssssssssss.Swagtest" name="blankpassword" time="8.676"/>
  <testcase classname="New.Swablabsssssssssss.Swagtest" name="bothblank" time="8.513">
    <failure type="java.lang.AssertionError" message="Wrong message displayed expected [true] but found [false]">
      <![CDATA[java.lang.AssertionError: Wrong message displayed expected [true] but found [false]
at org.testng.Assert.fail(Assert.java:111)
at org.testng.Assert.failNotEquals(Assert.java:1590)
at org.testng.Assert.assertTrue(Assert.java:57)
at New.Swablabsssssssssss.Swagtest.bothblank(Swagtest.java:112)
at java.base/jdk.internal.reflect.DirectMethodHandleAccessor.invoke(DirectMethodHandleAccessor.java:103)
at java.base/java.lang.reflect.Method.invoke(Method.java:580)
at org.testng.internal.invokers.MethodInvocationHelper.invokeMethod(MethodInvocationHelper.java:141)
at org.testng.internal.invokers.TestInvoker.invokeMethod(TestInvoker.java:687)
at org.testng.internal.invokers.TestInvoker.invokeTestMethod(TestInvoker.java:230)
at org.testng.internal.invokers.MethodRunner.runInSequence(MethodRunner.java:63)
at org.testng.internal.invokers.TestInvoker$MethodInvocationAgent.invoke(TestInvoker.java:995)
at org.testng.internal.invokers.TestInvoker.invokeTestMethods(TestInvoker.java:203)
at org.testng.internal.invokers.TestMethodWorker.invokeTestMethods(TestMethodWorker.java:154)
at org.testng.internal.invokers.TestMethodWorker.run(TestMethodWorker.java:134)
at java.base/java.util.ArrayList.forEach(ArrayList.java:1597)
at org.testng.TestRunner.privateRun(TestRunner.java:741)
at org.testng.TestRunner.run(TestRunner.java:616)
at org.testng.SuiteRunner.runTest(SuiteRunner.java:421)
at org.testng.SuiteRunner.runSequentially(SuiteRunner.java:413)
at org.testng.SuiteRunner.privateRun(SuiteRunner.java:373)
at org.testng.SuiteRunner.run(SuiteRunner.java:312)
at org.testng.SuiteRunnerWorker.runSuite(SuiteRunnerWorker.java:52)
at org.testng.SuiteRunnerWorker.run(SuiteRunnerWorker.java:95)
at org.testng.TestNG.runSuitesSequentially(TestNG.java:1274)
at org.testng.TestNG.runSuitesLocally(TestNG.java:1208)
at org.testng.TestNG.runSuites(TestNG.java:1112)
at org.testng.TestNG.run(TestNG.java:1079)
at org.testng.remote.AbstractRemoteTestNG.run(AbstractRemoteTestNG.java:115)
at org.testng.remote.RemoteTestNG.initAndRun(RemoteTestNG.java:293)
at org.testng.remote.RemoteTestNG.main(RemoteTestNG.java:91)
]]>
    </failure>
  </testcase> <!-- bothblank -->
  <testcase classname="New.Swablabsssssssssss.Swagtest" name="bothinvalid" time="8.712"/>
  <testcase classname="New.Swablabsssssssssss.Swagtest" name="invalidpassword" time="8.672"/>
  <testcase classname="New.Swablabsssssssssss.Swagtest" name="menuclick" time="27.392"/>
  <testcase classname="New.Swablabsssssssssss.Swagtest" name="dropdown" time="12.086"/>
  <testcase classname="New.Swablabsssssssssss.Swagtest" name="Addtocart" time="27.466"/>
  <testcase classname="New.Swablabsssssssssss.Swagtest" name="homer" time="7.689"/>
  <testcase classname="New.Swablabsssssssssss.Swagtest" name="productname" time="24.17"/>
  <testcase classname="New.Swablabsssssssssss.Swagtest" name="checkout" time="12.223"/>
</testsuite> <!-- Default test -->
