<?xml version="1.0" encoding="UTF-8"?>
<!-- Generated by org.testng.reporters.JUnitReportReporter -->
<testsuite hostname="Anas" failures="1" tests="13" name="New.Swablabsssssssssss.Swagtest" time="238.873" errors="0" timestamp="2025-05-31T15:27:51 IST" skipped="0">
  <testcase classname="New.Swablabsssssssssss.Swagtest" name="validlogin" time="13.776"/>
  <testcase classname="New.Swablabsssssssssss.Swagtest" name="invalidusername" time="11.725"/>
  <testcase classname="New.Swablabsssssssssss.Swagtest" name="blankusername" time="11.636"/>
  <testcase classname="New.Swablabsssssssssss.Swagtest" name="blankpassword" time="11.687"/>
  <testcase classname="New.Swablabsssssssssss.Swagtest" name="bothblank" time="11.269">
    <failure message="Wrong message displayed expected [true] but found [false]" type="java.lang.AssertionError">
      <![CDATA[java.lang.AssertionError: Wrong message displayed expected [true] but found [false]
at org.testng.Assert.fail(Assert.java:111)
at org.testng.Assert.failNotEquals(Assert.java:1590)
at org.testng.Assert.assertTrue(Assert.java:57)
at New.Swablabsssssssssss.Swagtest.bothblank(Swagtest.java:112)
at java.base/jdk.internal.reflect.DirectMethodHandleAccessor.invoke(DirectMethodHandleAccessor.java:103)
at java.base/java.lang.reflect.Method.invoke(Method.java:580)
at org.testng.internal.invokers.MethodInvocationHelper.invokeMethod(MethodInvocationHelper.java:141)
at org.testng.internal.invokers.TestInvoker.invokeMethod(TestInvoker.java:687)
at org.testng.internal.invokers.TestInvoker.invokeTestMethod(TestInvoker.java:230)
at org.testng.internal.invokers.MethodRunner.runInSequence(MethodRunner.java:63)
at org.testng.internal.invokers.TestInvoker$MethodInvocationAgent.invoke(TestInvoker.java:995)
at org.testng.internal.invokers.TestInvoker.invokeTestMethods(TestInvoker.java:203)
at org.testng.internal.invokers.TestMethodWorker.invokeTestMethods(TestMethodWorker.java:154)
at org.testng.internal.invokers.TestMethodWorker.run(TestMethodWorker.java:134)
at java.base/java.util.ArrayList.forEach(ArrayList.java:1597)
at org.testng.TestRunner.privateRun(TestRunner.java:741)
at org.testng.TestRunner.run(TestRunner.java:616)
at org.testng.SuiteRunner.runTest(SuiteRunner.java:421)
at org.testng.SuiteRunner.runSequentially(SuiteRunner.java:413)
at org.testng.SuiteRunner.privateRun(SuiteRunner.java:373)
at org.testng.SuiteRunner.run(SuiteRunner.java:312)
at org.testng.SuiteRunnerWorker.runSuite(SuiteRunnerWorker.java:52)
at org.testng.SuiteRunnerWorker.run(SuiteRunnerWorker.java:95)
at org.testng.TestNG.runSuitesSequentially(TestNG.java:1274)
at org.testng.TestNG.runSuitesLocally(TestNG.java:1208)
at org.testng.TestNG.runSuites(TestNG.java:1112)
at org.testng.TestNG.run(TestNG.java:1079)
at org.testng.remote.AbstractRemoteTestNG.run(AbstractRemoteTestNG.java:115)
at org.testng.remote.RemoteTestNG.initAndRun(RemoteTestNG.java:293)
at org.testng.remote.RemoteTestNG.main(RemoteTestNG.java:91)
]]>
    </failure>
  </testcase> <!-- bothblank -->
  <testcase classname="New.Swablabsssssssssss.Swagtest" name="bothinvalid" time="12.164"/>
  <testcase classname="New.Swablabsssssssssss.Swagtest" name="invalidpassword" time="16.467"/>
  <testcase classname="New.Swablabsssssssssss.Swagtest" name="menuclick" time="30.361"/>
  <testcase classname="New.Swablabsssssssssss.Swagtest" name="dropdown" time="15.097"/>
  <testcase classname="New.Swablabsssssssssss.Swagtest" name="Addtocart" time="51.040"/>
  <testcase classname="New.Swablabsssssssssss.Swagtest" name="homer" time="11.052"/>
  <testcase classname="New.Swablabsssssssssss.Swagtest" name="productname" time="27.330"/>
  <testcase classname="New.Swablabsssssssssss.Swagtest" name="checkout" time="15.269"/>
</testsuite> <!-- New.Swablabsssssssssss.Swagtest -->
